<?xml version="1.0" encoding="UTF-8"?>
<!-- Generated by org.testng.reporters.JUnitReportReporter -->
<testsuite skipped="0" hostname="DESKTOP-KBOOS7R" name="Day2.Github" tests="2" failures="0" timestamp="11 Oct 2021 06:47:16 GMT" time="5.744" errors="0">
  <testcase name="gettingAllrepository" time="1.555" classname="Day2.Github"/>
  <testcase name="createRepository" time="4.189" classname="Day2.Github"/>
</testsuite> <!-- Day2.Github -->
