<?xml version="1.0" encoding="UTF-8"?>
<!-- Generated by org.testng.reporters.JUnitReportReporter -->
<testsuite skipped="0" hostname="DESKTOP-KBOOS7R" name="Day2.NegativeContactList" tests="1" failures="0" timestamp="08 Oct 2021 06:46:49 GMT" time="3.172" errors="0">
  <testcase name="recordNotFound" time="3.172" classname="Day2.NegativeContactList"/>
</testsuite> <!-- Day2.NegativeContactList -->
