<?xml version="1.0" encoding="UTF-8"?>
<!-- Generated by org.testng.reporters.JUnitReportReporter -->
<testsuite skipped="0" hostname="DESKTOP-KBOOS7R" name="whether.WeatherAPI" tests="4" failures="0" timestamp="07 Oct 2021 13:34:59 GMT" time="5.271" errors="0">
  <testcase name="getWeather" time="3.725" classname="whether.WeatherAPI"/>
  <testcase name="getWeather2" time="0.494" classname="whether.WeatherAPI"/>
  <testcase name="getWeather3" time="0.460" classname="whether.WeatherAPI"/>
  <testcase name="getWeather4" time="0.592" classname="whether.WeatherAPI"/>
</testsuite> <!-- whether.WeatherAPI -->
