<?xml version="1.0" encoding="UTF-8"?>
<!-- Generated by org.testng.reporters.JUnitReportReporter -->
<testsuite skipped="3" hostname="DESKTOP-KBOOS7R" name="Day2.PositiveContactList" tests="7" failures="0" timestamp="08 Oct 2021 06:35:02 GMT" time="6.528" errors="0">
  <testcase name="getSpecificContact3" time="0.541" classname="Day2.PositiveContactList"/>
  <testcase name="deleteContact" time="0.518" classname="Day2.PositiveContactList"/>
  <testcase name="addingContact" time="4.616" classname="Day2.PositiveContactList"/>
  <testcase name="updatingContact" time="0.853" classname="Day2.PositiveContactList"/>
  <testcase name="getSpecificContact" classname="Day2.PositiveContactList">
    <skipped/>
  </testcase> <!-- getSpecificContact -->
  <testcase name="getallContacts" classname="Day2.PositiveContactList">
    <skipped/>
  </testcase> <!-- getallContacts -->
  <testcase name="getSpecificContact2" classname="Day2.PositiveContactList">
    <skipped/>
  </testcase> <!-- getSpecificContact2 -->
</testsuite> <!-- Day2.PositiveContactList -->
